<?xml version="1.0" encoding="UTF-8"?>
<!-- Generated by org.testng.reporters.JUnitReportReporter -->
<testsuite hostname="DESKTOP-PS7K9SR" failures="0" tests="1" name="com.truepush.qa.APITestcases.PostcampaignBDD" time="4.721" errors="0" timestamp="2022-12-16T10:22:26 IST" skipped="0">
  <testcase classname="com.truepush.qa.APITestcases.PostcampaignBDD" name="validatePostCampaign" time="4.721"/>
  <system-out/>
</testsuite> <!-- com.truepush.qa.APITestcases.PostcampaignBDD -->
