<?xml version="1.0" encoding="UTF-8"?>
<!-- Generated by org.testng.reporters.JUnitReportReporter -->
<testsuite hostname="exe0028" failures="0" tests="1" name="com.truepush.qa.APITestcases.PostcampaignBDD" time="4.786" errors="0" timestamp="2022-07-08T12:12:00 IST" skipped="0">
  <testcase classname="com.truepush.qa.APITestcases.PostcampaignBDD" name="validatePostCampaign" time="4.786"/>
  <system-out/>
</testsuite> <!-- com.truepush.qa.APITestcases.PostcampaignBDD -->
