<?xml version="1.0" encoding="UTF-8"?>
<!-- Generated by org.testng.reporters.JUnitReportReporter -->
<testsuite hostname="exe0028" failures="0" tests="1" name="com.truepush.qa.APITestcases.Listtemplates" time="2.486" errors="0" timestamp="2022-07-19T16:15:35 IST" skipped="0">
  <testcase classname="com.truepush.qa.APITestcases.Listtemplates" name="validateListTemplate" time="2.486"/>
  <system-out/>
</testsuite> <!-- com.truepush.qa.APITestcases.Listtemplates -->
