<?xml version="1.0" encoding="UTF-8"?>
<!-- Generated by org.testng.reporters.JUnitReportReporter -->
<testsuite hostname="DESKTOP-PS7K9SR" failures="0" tests="1" name="com.truepush.qa.APITestcases.Listtemplates" time="1.585" errors="0" timestamp="2022-11-16T12:35:54 IST" skipped="0">
  <testcase classname="com.truepush.qa.APITestcases.Listtemplates" name="validateListTemplate" time="1.585"/>
  <system-out/>
</testsuite> <!-- com.truepush.qa.APITestcases.Listtemplates -->
