<?xml version="1.0" encoding="UTF-8"?>
<!-- Generated by org.testng.reporters.JUnitReportReporter -->
<testsuite hostname="exe0028" failures="0" tests="1" name="com.truepush.qa.APITestcases.PostTrigger" time="2.286" errors="0" timestamp="2022-07-28T17:42:03 IST" skipped="0">
  <testcase classname="com.truepush.qa.APITestcases.PostTrigger" name="postTrigger" time="2.286"/>
  <system-out/>
</testsuite> <!-- com.truepush.qa.APITestcases.PostTrigger -->
