<?xml version="1.0" encoding="UTF-8"?>
<!-- Generated by org.testng.reporters.JUnitReportReporter -->
<testsuite hostname="exe0028" failures="0" tests="1" name="com.truepush.qa.APITestcases.RestassuredwithBDD" time="4.824" errors="0" timestamp="2022-07-15T09:58:08 IST" skipped="0">
  <testcase classname="com.truepush.qa.APITestcases.RestassuredwithBDD" name="validateSimpleCampaign" time="4.824"/>
  <system-out/>
</testsuite> <!-- com.truepush.qa.APITestcases.RestassuredwithBDD -->
